<?xml version="1.0" encoding="UTF-8"?>
<testsuite xmlns:xsi="http://www.w3.org/2001/XMLSchema-instance" xsi:noNamespaceSchemaLocation="https://maven.apache.org/surefire/maven-surefire-plugin/xsd/surefire-test-report-3.0.xsd" version="3.0" name="main.service.GameServiceTest" time="2.9" tests="5" errors="1" skipped="0" failures="3">
  <properties>
[...]
</properties>
  <testcase name="testFindAll" classname="main.service.GameServiceTest" time="2.608">
    <failure message="expected: &lt;Test Game&gt; but was: &lt;null&gt;" type="org.opentest4j.AssertionFailedError"><![CDATA[org.opentest4j.AssertionFailedError: expected: <Test Game> but was: <null>
	at org.junit.jupiter.api.AssertionFailureBuilder.build(AssertionFailureBuilder.java:151)
	at org.junit.jupiter.api.AssertionFailureBuilder.buildAndThrow(AssertionFailureBuilder.java:132)
	at org.junit.jupiter.api.AssertEquals.failNotEqual(AssertEquals.java:197)
	at org.junit.jupiter.api.AssertEquals.assertEquals(AssertEquals.java:182)
	at org.junit.jupiter.api.AssertEquals.assertEquals(AssertEquals.java:177)
	at org.junit.jupiter.api.Assertions.assertEquals(Assertions.java:1145)
	at main.service.GameServiceTest.testFindAll(GameServiceTest.java:47)
	at java.base/java.lang.reflect.Method.invoke(Method.java:565)
	at java.base/java.util.ArrayList.forEach(ArrayList.java:1604)
	at java.base/java.util.ArrayList.forEach(ArrayList.java:1604)
]]></failure>
    <system-err><![CDATA[Mockito is currently self-attaching to enable the inline-mock-maker. This will no longer work in future releases of the JDK. Please add Mockito as an agent to your build as described in Mockito's documentation: https://javadoc.io/doc/org.mockito/mockito-core/latest/org.mockito/org/mockito/Mockito.html#0.3
WARNING: A Java agent has been loaded dynamically (C:\Users\HP\.m2\repository\net\bytebuddy\byte-buddy-agent\1.15.11\byte-buddy-agent-1.15.11.jar)
WARNING: If a serviceability tool is in use, please run with -XX:+EnableDynamicAgentLoading to hide this warning
WARNING: If a serviceability tool is not in use, please run with -Djdk.instrument.traceUsage for more information
WARNING: Dynamic loading of agents will be disallowed by default in a future release
]]></system-err>
  </testcase>
  <testcase name="testFindById" classname="main.service.GameServiceTest" time="0.136">
    <error message="Подсоединение по адресу localhost:5055 отклонено. Проверьте что хост и порт указаны правильно и что postmaster принимает TCP/IP-подсоединения." type="org.postgresql.util.PSQLException"><![CDATA[org.postgresql.util.PSQLException: Подсоединение по адресу localhost:5055 отклонено. Проверьте что хост и порт указаны правильно и что postmaster принимает TCP/IP-подсоединения.
	at org.postgresql.core.v3.ConnectionFactoryImpl.openConnectionImpl(ConnectionFactoryImpl.java:352)
	at org.postgresql.core.ConnectionFactory.openConnection(ConnectionFactory.java:54)
	at org.postgresql.jdbc.PgConnection.<init>(PgConnection.java:273)
	at org.postgresql.Driver.makeConnection(Driver.java:446)
	at org.postgresql.Driver.connect(Driver.java:298)
	at java.sql/java.sql.DriverManager.getConnection(DriverManager.java:613)
	at java.sql/java.sql.DriverManager.getConnection(DriverManager.java:199)
	at main.service.DatabaseConnection.getConnection(DatabaseConnection.java:22)
	at main.dao.GameDAO.findById(GameDAO.java:29)
	at main.service.GameServiceTest.testFindById(GameServiceTest.java:77)
	at java.base/java.lang.reflect.Method.invoke(Method.java:565)
	at java.base/java.util.ArrayList.forEach(ArrayList.java:1604)
	at java.base/java.util.ArrayList.forEach(ArrayList.java:1604)
Caused by: java.net.ConnectException: Connection refused: getsockopt
	at java.base/sun.nio.ch.Net.pollConnect(Native Method)
	at java.base/sun.nio.ch.Net.pollConnectNow(Net.java:628)
	at java.base/sun.nio.ch.NioSocketImpl.timedFinishConnect(NioSocketImpl.java:533)
	at java.base/sun.nio.ch.NioSocketImpl.connect(NioSocketImpl.java:583)
	at java.base/java.net.SocksSocketImpl.connect(SocksSocketImpl.java:282)
	at java.base/java.net.Socket.connect(Socket.java:665)
	at org.postgresql.core.PGStream.createSocket(PGStream.java:260)
	at org.postgresql.core.PGStream.<init>(PGStream.java:121)
	at org.postgresql.core.v3.ConnectionFactoryImpl.tryConnect(ConnectionFactoryImpl.java:140)
	at org.postgresql.core.v3.ConnectionFactoryImpl.openConnectionImpl(ConnectionFactoryImpl.java:268)
	... 12 more
]]></error>
  </testcase>
  <testcase name="testCreate" classname="main.service.GameServiceTest" time="0.056">
    <failure message="&#10;Argument(s) are different! Wanted:&#10;gameDAO.save(&#10;    GameModel(gameId=10, title=New Game, genre=null)&#10;);&#10;-&gt; at main.dao.GameDAO.save(GameDAO.java:14)&#10;Actual invocations have different arguments:&#10;gameDAO.save(&#10;    GameModel(gameId=null, title=null, genre=null)&#10;);&#10;-&gt; at main.service.GameService.save(GameService.java:45)&#10;" type="Argument(s) are different! Wanted"><![CDATA[Argument(s) are different! Wanted:
gameDAO.save(
    GameModel(gameId=10, title=New Game, genre=null)
);
-> at main.dao.GameDAO.save(GameDAO.java:14)
Actual invocations have different arguments:
gameDAO.save(
    GameModel(gameId=null, title=null, genre=null)
);
-> at main.service.GameService.save(GameService.java:45)

	at main.dao.GameDAO.save(GameDAO.java:14)
	at main.service.GameServiceTest.testCreate(GameServiceTest.java:63)
	at java.base/java.lang.reflect.Method.invoke(Method.java:565)
	at java.base/java.util.ArrayList.forEach(ArrayList.java:1604)
	at java.base/java.util.ArrayList.forEach(ArrayList.java:1604)
]]></failure>
  </testcase>
  <testcase name="testDelete" classname="main.service.GameServiceTest" time="0.008"/>
  <testcase name="testUpdate" classname="main.service.GameServiceTest" time="0.008">
    <failure message="&#10;Argument(s) are different! Wanted:&#10;gameDAO.update(&#10;    GameModel(gameId=1, title=Updated Game, genre=null)&#10;);&#10;-&gt; at main.dao.GameDAO.update(GameDAO.java:71)&#10;Actual invocations have different arguments:&#10;gameDAO.update(&#10;    GameModel(gameId=null, title=null, genre=null)&#10;);&#10;-&gt; at main.service.GameService.update(GameService.java:50)&#10;" type="Argument(s) are different! Wanted"><![CDATA[Argument(s) are different! Wanted:
gameDAO.update(
    GameModel(gameId=1, title=Updated Game, genre=null)
);
-> at main.dao.GameDAO.update(GameDAO.java:71)
Actual invocations have different arguments:
gameDAO.update(
    GameModel(gameId=null, title=null, genre=null)
);
-> at main.service.GameService.update(GameService.java:50)

	at main.dao.GameDAO.update(GameDAO.java:71)
	at main.service.GameServiceTest.testUpdate(GameServiceTest.java:100)
	at java.base/java.lang.reflect.Method.invoke(Method.java:565)
	at java.base/java.util.ArrayList.forEach(ArrayList.java:1604)
	at java.base/java.util.ArrayList.forEach(ArrayList.java:1604)
]]></failure>
  </testcase>
</testsuite>